{"level":"info","message":"Server is running on http://localhost:3000","timestamp":"2025-01-22T20:54:55.619Z"}
{"level":"info","message":"Database initialized successfully.","timestamp":"2025-01-22T20:54:55.632Z"}
{"level":"info","message":"Server is running on http://localhost:3000","timestamp":"2025-01-22T20:56:19.040Z"}
{"level":"info","message":"Database initialized successfully.","timestamp":"2025-01-22T20:56:19.054Z"}
{"level":"info","message":"Server is running on http://localhost:3000","timestamp":"2025-01-22T20:56:45.014Z"}
{"level":"info","message":"Database initialized successfully.","timestamp":"2025-01-22T20:56:45.029Z"}
{"level":"info","message":"Starting scheduled weather data synchronization...","timestamp":"2025-01-22T21:00:00.243Z"}
{"level":"info","message":"Weather data for New York saved successfully.","timestamp":"2025-01-22T21:00:00.522Z"}
{"level":"info","message":"Weather data for New York synchronized successfully.","timestamp":"2025-01-22T21:00:00.522Z"}
{"level":"info","message":"Weather data for London saved successfully.","timestamp":"2025-01-22T21:00:00.543Z"}
{"level":"info","message":"Weather data for London synchronized successfully.","timestamp":"2025-01-22T21:00:00.543Z"}
{"level":"info","message":"Weather data for Tokyo saved successfully.","timestamp":"2025-01-22T21:00:00.561Z"}
{"level":"info","message":"Weather data for Tokyo synchronized successfully.","timestamp":"2025-01-22T21:00:00.561Z"}
{"level":"info","message":"Weather data for Mumbai saved successfully.","timestamp":"2025-01-22T21:00:00.577Z"}
{"level":"info","message":"Weather data for Mumbai synchronized successfully.","timestamp":"2025-01-22T21:00:00.577Z"}
{"level":"info","message":"Weather data for Sydney saved successfully.","timestamp":"2025-01-22T21:00:00.595Z"}
{"level":"info","message":"Weather data for Sydney synchronized successfully.","timestamp":"2025-01-22T21:00:00.595Z"}
{"level":"info","message":"Server is running on http://localhost:3000","timestamp":"2025-01-23T03:42:04.284Z"}
{"level":"info","message":"Database initialized successfully.","timestamp":"2025-01-23T03:42:04.298Z"}
{"level":"info","message":"Starting scheduled weather data synchronization...","timestamp":"2025-01-23T03:45:00.495Z"}
{"level":"info","message":"Weather data for New York saved successfully.","timestamp":"2025-01-23T03:45:00.809Z"}
{"level":"info","message":"Weather data for New York synchronized successfully.","timestamp":"2025-01-23T03:45:00.809Z"}
{"level":"info","message":"Weather data for London saved successfully.","timestamp":"2025-01-23T03:45:00.830Z"}
{"level":"info","message":"Weather data for London synchronized successfully.","timestamp":"2025-01-23T03:45:00.831Z"}
{"level":"info","message":"Weather data for Tokyo saved successfully.","timestamp":"2025-01-23T03:45:00.848Z"}
{"level":"info","message":"Weather data for Tokyo synchronized successfully.","timestamp":"2025-01-23T03:45:00.848Z"}
{"level":"info","message":"Weather data for Mumbai saved successfully.","timestamp":"2025-01-23T03:45:00.866Z"}
{"level":"info","message":"Weather data for Mumbai synchronized successfully.","timestamp":"2025-01-23T03:45:00.866Z"}
{"level":"info","message":"Weather data for Sydney saved successfully.","timestamp":"2025-01-23T03:45:00.890Z"}
{"level":"info","message":"Weather data for Sydney synchronized successfully.","timestamp":"2025-01-23T03:45:00.890Z"}
{"level":"info","message":"Starting scheduled weather data synchronization...","timestamp":"2025-01-23T04:00:00.698Z"}
{"level":"info","message":"Weather data for New York saved successfully.","timestamp":"2025-01-23T04:00:00.808Z"}
{"level":"info","message":"Weather data for New York synchronized successfully.","timestamp":"2025-01-23T04:00:00.808Z"}
{"level":"info","message":"Weather data for London saved successfully.","timestamp":"2025-01-23T04:00:00.824Z"}
{"level":"info","message":"Weather data for London synchronized successfully.","timestamp":"2025-01-23T04:00:00.825Z"}
{"level":"info","message":"Weather data for Tokyo saved successfully.","timestamp":"2025-01-23T04:00:00.992Z"}
{"level":"info","message":"Weather data for Tokyo synchronized successfully.","timestamp":"2025-01-23T04:00:00.993Z"}
{"level":"info","message":"Weather data for Mumbai saved successfully.","timestamp":"2025-01-23T04:00:01.010Z"}
{"level":"info","message":"Weather data for Mumbai synchronized successfully.","timestamp":"2025-01-23T04:00:01.011Z"}
{"level":"info","message":"Weather data for Sydney saved successfully.","timestamp":"2025-01-23T04:00:01.032Z"}
{"level":"info","message":"Weather data for Sydney synchronized successfully.","timestamp":"2025-01-23T04:00:01.032Z"}
{"level":"info","message":"Server is running on http://localhost:3000","timestamp":"2025-01-23T04:17:21.224Z"}
{"level":"info","message":"Database initialized successfully.","timestamp":"2025-01-23T04:17:21.241Z"}
{"level":"info","message":"Server is running on http://localhost:3000","timestamp":"2025-01-23T04:18:58.258Z"}
{"level":"info","message":"Database initialized successfully.","timestamp":"2025-01-23T04:18:58.276Z"}
{"level":"info","message":"Server is running on http://localhost:3000","timestamp":"2025-01-23T04:20:55.081Z"}
{"level":"info","message":"Database initialized successfully.","timestamp":"2025-01-23T04:20:55.099Z"}
{"level":"info","message":"Server is running on http://localhost:3000","timestamp":"2025-01-23T04:21:31.090Z"}
{"level":"info","message":"Database initialized successfully.","timestamp":"2025-01-23T04:21:31.103Z"}
{"level":"info","message":"Server is running on http://localhost:3000","timestamp":"2025-01-23T04:22:13.061Z"}
{"level":"info","message":"Database initialized successfully.","timestamp":"2025-01-23T04:22:13.072Z"}
{"level":"info","message":"Server is running on http://localhost:3000","timestamp":"2025-01-23T20:40:59.683Z"}
{"level":"info","message":"Database initialized successfully.","timestamp":"2025-01-23T20:40:59.704Z"}
{"level":"info","message":"Server is running on http://localhost:3000","timestamp":"2025-01-23T20:45:14.996Z"}
{"level":"info","message":"Database initialized successfully.","timestamp":"2025-01-23T20:45:15.009Z"}
{"level":"info","message":"Server is running on http://localhost:3000","timestamp":"2025-01-23T20:47:36.452Z"}
{"level":"info","message":"Database initialized successfully.","timestamp":"2025-01-23T20:47:36.461Z"}
{"level":"info","message":"Server is running on http://localhost:3000","timestamp":"2025-01-23T20:51:50.093Z"}
{"level":"info","message":"Database initialized successfully.","timestamp":"2025-01-23T20:51:50.108Z"}
{"level":"info","message":"Server is running on http://localhost:3000","timestamp":"2025-01-23T20:58:02.746Z"}
{"level":"info","message":"Database initialized successfully.","timestamp":"2025-01-23T20:58:02.760Z"}
{"level":"info","message":"Starting scheduled weather data synchronization...","timestamp":"2025-01-23T21:00:00.885Z"}
{"level":"info","message":"Weather data for New York saved successfully.","timestamp":"2025-01-23T21:00:01.260Z"}
{"level":"info","message":"Weather data for New York synchronized successfully.","timestamp":"2025-01-23T21:00:01.260Z"}
{"level":"info","message":"Weather data for London saved successfully.","timestamp":"2025-01-23T21:00:01.287Z"}
{"level":"info","message":"Weather data for London synchronized successfully.","timestamp":"2025-01-23T21:00:01.287Z"}
{"level":"info","message":"Weather data for Tokyo saved successfully.","timestamp":"2025-01-23T21:00:01.312Z"}
{"level":"info","message":"Weather data for Tokyo synchronized successfully.","timestamp":"2025-01-23T21:00:01.312Z"}
{"level":"info","message":"Weather data for Mumbai saved successfully.","timestamp":"2025-01-23T21:00:01.347Z"}
{"level":"info","message":"Weather data for Mumbai synchronized successfully.","timestamp":"2025-01-23T21:00:01.348Z"}
{"level":"info","message":"Weather data for Sydney saved successfully.","timestamp":"2025-01-23T21:00:01.518Z"}
{"level":"info","message":"Weather data for Sydney synchronized successfully.","timestamp":"2025-01-23T21:00:01.519Z"}
{"level":"info","message":"Server is running on http://localhost:3000","timestamp":"2025-01-23T21:11:03.617Z"}
{"level":"info","message":"Database initialized successfully.","timestamp":"2025-01-23T21:11:03.633Z"}
{"level":"info","message":"Server is running on http://localhost:3000","timestamp":"2025-01-23T21:13:23.074Z"}
{"level":"info","message":"Database initialized successfully.","timestamp":"2025-01-23T21:13:23.088Z"}
{"level":"info","message":"Server is running on http://localhost:3000","timestamp":"2025-01-23T21:15:30.248Z"}
{"level":"info","message":"Database initialized successfully.","timestamp":"2025-01-23T21:15:30.262Z"}
{"level":"info","message":"Server is running on http://localhost:3000","timestamp":"2025-01-23T21:19:39.667Z"}
{"level":"info","message":"Database initialized successfully.","timestamp":"2025-01-23T21:19:39.704Z"}
{"level":"info","message":"Weather data cleared from the database.","timestamp":"2025-01-23T21:19:39.706Z"}
{"level":"info","message":"Server is running on http://localhost:3000","timestamp":"2025-01-23T21:21:12.449Z"}
{"level":"info","message":"Database initialized successfully.","timestamp":"2025-01-23T21:21:12.464Z"}
{"level":"info","message":"Server is running on http://localhost:3000","timestamp":"2025-01-23T21:22:42.377Z"}
{"level":"info","message":"Database initialized successfully.","timestamp":"2025-01-23T21:22:42.390Z"}
{"level":"info","message":"Server is running on http://localhost:3000","timestamp":"2025-01-23T21:24:07.979Z"}
{"level":"info","message":"Database initialized successfully.","timestamp":"2025-01-23T21:24:07.994Z"}
{"level":"info","message":"Starting scheduled weather data synchronization...","timestamp":"2025-01-23T21:24:15.992Z"}
{"level":"info","message":"Weather data for New York saved successfully.","timestamp":"2025-01-23T21:24:16.103Z"}
{"level":"info","message":"Weather data for New York synchronized successfully.","timestamp":"2025-01-23T21:24:16.103Z"}
{"level":"info","message":"Weather data for London saved successfully.","timestamp":"2025-01-23T21:24:16.125Z"}
{"level":"info","message":"Weather data for London synchronized successfully.","timestamp":"2025-01-23T21:24:16.126Z"}
{"level":"info","message":"Weather data for Tokyo saved successfully.","timestamp":"2025-01-23T21:24:16.144Z"}
{"level":"info","message":"Weather data for Tokyo synchronized successfully.","timestamp":"2025-01-23T21:24:16.144Z"}
{"level":"info","message":"Weather data for Mumbai saved successfully.","timestamp":"2025-01-23T21:24:16.175Z"}
{"level":"info","message":"Weather data for Mumbai synchronized successfully.","timestamp":"2025-01-23T21:24:16.175Z"}
{"level":"info","message":"Weather data for Sydney saved successfully.","timestamp":"2025-01-23T21:24:16.196Z"}
{"level":"info","message":"Weather data for Sydney synchronized successfully.","timestamp":"2025-01-23T21:24:16.196Z"}
{"level":"info","message":"Starting scheduled weather data synchronization...","timestamp":"2025-01-23T21:24:30.043Z"}
{"level":"info","message":"Weather data for New York saved successfully.","timestamp":"2025-01-23T21:24:30.186Z"}
{"level":"info","message":"Weather data for New York synchronized successfully.","timestamp":"2025-01-23T21:24:30.186Z"}
{"level":"info","message":"Weather data for London saved successfully.","timestamp":"2025-01-23T21:24:30.208Z"}
{"level":"info","message":"Weather data for London synchronized successfully.","timestamp":"2025-01-23T21:24:30.208Z"}
{"level":"info","message":"Weather data for Tokyo saved successfully.","timestamp":"2025-01-23T21:24:30.228Z"}
{"level":"info","message":"Weather data for Tokyo synchronized successfully.","timestamp":"2025-01-23T21:24:30.229Z"}
{"level":"info","message":"Weather data for Mumbai saved successfully.","timestamp":"2025-01-23T21:24:30.248Z"}
{"level":"info","message":"Weather data for Mumbai synchronized successfully.","timestamp":"2025-01-23T21:24:30.248Z"}
{"level":"info","message":"Weather data for Sydney saved successfully.","timestamp":"2025-01-23T21:24:30.268Z"}
{"level":"info","message":"Weather data for Sydney synchronized successfully.","timestamp":"2025-01-23T21:24:30.268Z"}
{"level":"info","message":"Starting scheduled weather data synchronization...","timestamp":"2025-01-23T21:24:45.065Z"}
{"level":"info","message":"Weather data for New York saved successfully.","timestamp":"2025-01-23T21:24:45.155Z"}
{"level":"info","message":"Weather data for New York synchronized successfully.","timestamp":"2025-01-23T21:24:45.156Z"}
{"level":"info","message":"Weather data for London saved successfully.","timestamp":"2025-01-23T21:24:45.178Z"}
{"level":"info","message":"Weather data for London synchronized successfully.","timestamp":"2025-01-23T21:24:45.178Z"}
{"level":"info","message":"Weather data for Tokyo saved successfully.","timestamp":"2025-01-23T21:24:45.356Z"}
{"level":"info","message":"Weather data for Tokyo synchronized successfully.","timestamp":"2025-01-23T21:24:45.356Z"}
{"level":"info","message":"Weather data for Mumbai saved successfully.","timestamp":"2025-01-23T21:24:45.377Z"}
{"level":"info","message":"Weather data for Mumbai synchronized successfully.","timestamp":"2025-01-23T21:24:45.377Z"}
{"level":"info","message":"Weather data for Sydney saved successfully.","timestamp":"2025-01-23T21:24:45.396Z"}
{"level":"info","message":"Weather data for Sydney synchronized successfully.","timestamp":"2025-01-23T21:24:45.396Z"}
{"level":"info","message":"Starting scheduled weather data synchronization...","timestamp":"2025-01-23T21:25:00.090Z"}
{"level":"info","message":"Weather data for New York saved successfully.","timestamp":"2025-01-23T21:25:00.151Z"}
{"level":"info","message":"Weather data for New York synchronized successfully.","timestamp":"2025-01-23T21:25:00.151Z"}
{"level":"info","message":"Weather data for London saved successfully.","timestamp":"2025-01-23T21:25:00.168Z"}
{"level":"info","message":"Weather data for London synchronized successfully.","timestamp":"2025-01-23T21:25:00.168Z"}
{"level":"info","message":"Weather data for Tokyo saved successfully.","timestamp":"2025-01-23T21:25:00.184Z"}
{"level":"info","message":"Weather data for Tokyo synchronized successfully.","timestamp":"2025-01-23T21:25:00.184Z"}
{"level":"info","message":"Weather data for Mumbai saved successfully.","timestamp":"2025-01-23T21:25:00.200Z"}
{"level":"info","message":"Weather data for Mumbai synchronized successfully.","timestamp":"2025-01-23T21:25:00.200Z"}
{"level":"info","message":"Weather data for Sydney saved successfully.","timestamp":"2025-01-23T21:25:00.218Z"}
{"level":"info","message":"Weather data for Sydney synchronized successfully.","timestamp":"2025-01-23T21:25:00.218Z"}
{"level":"info","message":"Starting scheduled weather data synchronization...","timestamp":"2025-01-23T21:25:15.115Z"}
{"level":"info","message":"Server is running on http://localhost:3000","timestamp":"2025-01-23T21:25:36.968Z"}
{"level":"info","message":"Database initialized successfully.","timestamp":"2025-01-23T21:25:37.020Z"}
{"level":"info","message":"Starting scheduled weather data synchronization...","timestamp":"2025-01-23T21:25:45.982Z"}
{"level":"info","message":"Weather data for New York saved successfully.","timestamp":"2025-01-23T21:25:46.242Z"}
{"level":"info","message":"Weather data for New York synchronized successfully.","timestamp":"2025-01-23T21:25:46.243Z"}
{"level":"info","message":"Weather data for London saved successfully.","timestamp":"2025-01-23T21:25:46.263Z"}
{"level":"info","message":"Weather data for London synchronized successfully.","timestamp":"2025-01-23T21:25:46.264Z"}
{"level":"info","message":"Weather data for Tokyo saved successfully.","timestamp":"2025-01-23T21:25:46.282Z"}
{"level":"info","message":"Weather data for Tokyo synchronized successfully.","timestamp":"2025-01-23T21:25:46.282Z"}
{"level":"info","message":"Weather data for Mumbai saved successfully.","timestamp":"2025-01-23T21:25:46.301Z"}
{"level":"info","message":"Weather data for Mumbai synchronized successfully.","timestamp":"2025-01-23T21:25:46.301Z"}
{"level":"info","message":"Weather data for Sydney saved successfully.","timestamp":"2025-01-23T21:25:46.320Z"}
{"level":"info","message":"Weather data for Sydney synchronized successfully.","timestamp":"2025-01-23T21:25:46.321Z"}
{"level":"info","message":"Server is running on http://localhost:3000","timestamp":"2025-01-23T21:27:58.643Z"}
{"level":"info","message":"Database initialized successfully.","timestamp":"2025-01-23T21:27:58.656Z"}
{"level":"info","message":"Weather data cleared from the database.","timestamp":"2025-01-23T21:27:58.657Z"}
{"level":"info","message":"Starting scheduled weather data synchronization...","timestamp":"2025-01-23T21:28:00.647Z"}
{"level":"info","message":"Weather data for New York saved successfully.","timestamp":"2025-01-23T21:28:00.762Z"}
{"level":"info","message":"Weather data for New York synchronized successfully.","timestamp":"2025-01-23T21:28:00.763Z"}
{"level":"info","message":"Weather data for London saved successfully.","timestamp":"2025-01-23T21:28:00.929Z"}
{"level":"info","message":"Weather data for London synchronized successfully.","timestamp":"2025-01-23T21:28:00.930Z"}
{"level":"info","message":"Weather data for Tokyo saved successfully.","timestamp":"2025-01-23T21:28:00.956Z"}
{"level":"info","message":"Weather data for Tokyo synchronized successfully.","timestamp":"2025-01-23T21:28:00.956Z"}
{"level":"info","message":"Weather data for Mumbai saved successfully.","timestamp":"2025-01-23T21:28:00.979Z"}
{"level":"info","message":"Weather data for Mumbai synchronized successfully.","timestamp":"2025-01-23T21:28:00.980Z"}
{"level":"info","message":"Weather data for Sydney saved successfully.","timestamp":"2025-01-23T21:28:00.998Z"}
{"level":"info","message":"Weather data for Sydney synchronized successfully.","timestamp":"2025-01-23T21:28:00.998Z"}
{"level":"info","message":"Server is running on http://localhost:3000","timestamp":"2025-01-23T21:35:31.234Z"}
{"level":"info","message":"Database initialized successfully.","timestamp":"2025-01-23T21:35:31.249Z"}
{"level":"info","message":"Weather table cleared and primary key reset.","timestamp":"2025-01-23T21:35:31.250Z"}
{"level":"info","message":"Starting scheduled weather data synchronization...","timestamp":"2025-01-23T21:35:45.255Z"}
{"level":"info","message":"Weather data for New York saved successfully.","timestamp":"2025-01-23T21:35:45.539Z"}
{"level":"info","message":"Weather data for New York synchronized successfully.","timestamp":"2025-01-23T21:35:45.539Z"}
{"level":"info","message":"Weather data for London saved successfully.","timestamp":"2025-01-23T21:35:45.558Z"}
{"level":"info","message":"Weather data for London synchronized successfully.","timestamp":"2025-01-23T21:35:45.558Z"}
{"level":"info","message":"Weather data for Tokyo saved successfully.","timestamp":"2025-01-23T21:35:45.713Z"}
{"level":"info","message":"Weather data for Tokyo synchronized successfully.","timestamp":"2025-01-23T21:35:45.714Z"}
{"level":"info","message":"Weather data for Mumbai saved successfully.","timestamp":"2025-01-23T21:35:45.746Z"}
{"level":"info","message":"Weather data for Mumbai synchronized successfully.","timestamp":"2025-01-23T21:35:45.747Z"}
{"level":"info","message":"Weather data for Sydney saved successfully.","timestamp":"2025-01-23T21:35:45.775Z"}
{"level":"info","message":"Weather data for Sydney synchronized successfully.","timestamp":"2025-01-23T21:35:45.776Z"}
{"level":"info","message":"Starting scheduled weather data synchronization...","timestamp":"2025-01-23T21:36:00.318Z"}
{"level":"info","message":"Weather data for New York saved successfully.","timestamp":"2025-01-23T21:36:00.483Z"}
{"level":"info","message":"Weather data for New York synchronized successfully.","timestamp":"2025-01-23T21:36:00.484Z"}
{"level":"info","message":"Weather data for London saved successfully.","timestamp":"2025-01-23T21:36:00.667Z"}
{"level":"info","message":"Weather data for London synchronized successfully.","timestamp":"2025-01-23T21:36:00.667Z"}
{"level":"info","message":"Weather data for Tokyo saved successfully.","timestamp":"2025-01-23T21:36:00.688Z"}
{"level":"info","message":"Weather data for Tokyo synchronized successfully.","timestamp":"2025-01-23T21:36:00.689Z"}
{"level":"info","message":"Weather data for Mumbai saved successfully.","timestamp":"2025-01-23T21:36:00.712Z"}
{"level":"info","message":"Weather data for Mumbai synchronized successfully.","timestamp":"2025-01-23T21:36:00.712Z"}
{"level":"info","message":"Weather data for Sydney saved successfully.","timestamp":"2025-01-23T21:36:00.730Z"}
{"level":"info","message":"Weather data for Sydney synchronized successfully.","timestamp":"2025-01-23T21:36:00.730Z"}
{"level":"info","message":"Server is running on http://localhost:3000","timestamp":"2025-01-24T20:03:37.768Z"}
{"level":"info","message":"Database initialized successfully.","timestamp":"2025-01-24T20:03:37.783Z"}
{"level":"info","message":"Weather table cleared and primary key reset.","timestamp":"2025-01-24T20:03:37.784Z"}
{"level":"info","message":"Starting scheduled weather data synchronization...","timestamp":"2025-01-24T20:03:45.786Z"}
{"level":"info","message":"Weather data for New York saved successfully.","timestamp":"2025-01-24T20:03:45.930Z"}
{"level":"info","message":"Weather data for New York synchronized successfully.","timestamp":"2025-01-24T20:03:45.931Z"}
{"level":"info","message":"Weather data for London saved successfully.","timestamp":"2025-01-24T20:03:45.946Z"}
{"level":"info","message":"Weather data for London synchronized successfully.","timestamp":"2025-01-24T20:03:45.946Z"}
{"level":"info","message":"Weather data for Tokyo saved successfully.","timestamp":"2025-01-24T20:03:45.963Z"}
{"level":"info","message":"Weather data for Tokyo synchronized successfully.","timestamp":"2025-01-24T20:03:45.964Z"}
{"level":"info","message":"Weather data for Mumbai saved successfully.","timestamp":"2025-01-24T20:03:45.982Z"}
{"level":"info","message":"Weather data for Mumbai synchronized successfully.","timestamp":"2025-01-24T20:03:45.982Z"}
{"level":"info","message":"Weather data for Sydney saved successfully.","timestamp":"2025-01-24T20:03:46.003Z"}
{"level":"info","message":"Weather data for Sydney synchronized successfully.","timestamp":"2025-01-24T20:03:46.003Z"}
{"level":"info","message":"Starting scheduled weather data synchronization...","timestamp":"2025-01-24T20:04:00.869Z"}
{"level":"info","message":"Weather data for New York saved successfully.","timestamp":"2025-01-24T20:04:00.931Z"}
{"level":"info","message":"Weather data for New York synchronized successfully.","timestamp":"2025-01-24T20:04:00.932Z"}
{"level":"info","message":"Weather data for London saved successfully.","timestamp":"2025-01-24T20:04:00.950Z"}
{"level":"info","message":"Weather data for London synchronized successfully.","timestamp":"2025-01-24T20:04:00.951Z"}
{"level":"info","message":"Weather data for Tokyo saved successfully.","timestamp":"2025-01-24T20:04:00.970Z"}
{"level":"info","message":"Weather data for Tokyo synchronized successfully.","timestamp":"2025-01-24T20:04:00.970Z"}
{"level":"info","message":"Weather data for Mumbai saved successfully.","timestamp":"2025-01-24T20:04:00.991Z"}
{"level":"info","message":"Weather data for Mumbai synchronized successfully.","timestamp":"2025-01-24T20:04:00.991Z"}
{"level":"info","message":"Weather data for Sydney saved successfully.","timestamp":"2025-01-24T20:04:01.013Z"}
{"level":"info","message":"Weather data for Sydney synchronized successfully.","timestamp":"2025-01-24T20:04:01.013Z"}
{"level":"info","message":"Starting scheduled weather data synchronization...","timestamp":"2025-01-24T20:04:15.896Z"}
{"level":"info","message":"Weather data for New York saved successfully.","timestamp":"2025-01-24T20:04:15.972Z"}
{"level":"info","message":"Weather data for New York synchronized successfully.","timestamp":"2025-01-24T20:04:15.972Z"}
{"level":"info","message":"Weather data for London saved successfully.","timestamp":"2025-01-24T20:04:15.987Z"}
{"level":"info","message":"Weather data for London synchronized successfully.","timestamp":"2025-01-24T20:04:15.987Z"}
{"level":"info","message":"Weather data for Tokyo saved successfully.","timestamp":"2025-01-24T20:04:16.003Z"}
{"level":"info","message":"Weather data for Tokyo synchronized successfully.","timestamp":"2025-01-24T20:04:16.003Z"}
{"level":"info","message":"Weather data for Mumbai saved successfully.","timestamp":"2025-01-24T20:04:16.018Z"}
{"level":"info","message":"Weather data for Mumbai synchronized successfully.","timestamp":"2025-01-24T20:04:16.018Z"}
{"level":"info","message":"Weather data for Sydney saved successfully.","timestamp":"2025-01-24T20:04:16.035Z"}
{"level":"info","message":"Weather data for Sydney synchronized successfully.","timestamp":"2025-01-24T20:04:16.035Z"}
{"level":"info","message":"Starting scheduled weather data synchronization...","timestamp":"2025-01-24T20:04:30.928Z"}
{"level":"info","message":"Weather data for New York saved successfully.","timestamp":"2025-01-24T20:04:31.013Z"}
{"level":"info","message":"Weather data for New York synchronized successfully.","timestamp":"2025-01-24T20:04:31.013Z"}
{"level":"info","message":"Weather data for London saved successfully.","timestamp":"2025-01-24T20:04:31.033Z"}
{"level":"info","message":"Weather data for London synchronized successfully.","timestamp":"2025-01-24T20:04:31.033Z"}
{"level":"info","message":"Weather data for Tokyo saved successfully.","timestamp":"2025-01-24T20:04:31.056Z"}
{"level":"info","message":"Weather data for Tokyo synchronized successfully.","timestamp":"2025-01-24T20:04:31.056Z"}
{"level":"info","message":"Weather data for Mumbai saved successfully.","timestamp":"2025-01-24T20:04:31.081Z"}
{"level":"info","message":"Weather data for Mumbai synchronized successfully.","timestamp":"2025-01-24T20:04:31.081Z"}
{"level":"info","message":"Weather data for Sydney saved successfully.","timestamp":"2025-01-24T20:04:31.114Z"}
{"level":"info","message":"Weather data for Sydney synchronized successfully.","timestamp":"2025-01-24T20:04:31.114Z"}
{"level":"info","message":"Server is running on http://localhost:3000","timestamp":"2025-01-24T20:05:04.893Z"}
{"level":"info","message":"Database initialized successfully.","timestamp":"2025-01-24T20:05:04.907Z"}
{"level":"info","message":"Weather table cleared and primary key reset.","timestamp":"2025-01-24T20:05:04.909Z"}
{"level":"info","message":"Starting scheduled weather data synchronization...","timestamp":"2025-01-24T20:05:15.910Z"}
{"level":"info","message":"Weather data for New York saved successfully.","timestamp":"2025-01-24T20:05:16.013Z"}
{"level":"info","message":"Weather data for New York synchronized successfully.","timestamp":"2025-01-24T20:05:16.013Z"}
{"level":"info","message":"Weather data for London saved successfully.","timestamp":"2025-01-24T20:05:16.031Z"}
{"level":"info","message":"Weather data for London synchronized successfully.","timestamp":"2025-01-24T20:05:16.031Z"}
{"level":"info","message":"Weather data for Tokyo saved successfully.","timestamp":"2025-01-24T20:05:16.047Z"}
{"level":"info","message":"Weather data for Tokyo synchronized successfully.","timestamp":"2025-01-24T20:05:16.047Z"}
{"level":"info","message":"Weather data for Mumbai saved successfully.","timestamp":"2025-01-24T20:05:16.067Z"}
{"level":"info","message":"Weather data for Mumbai synchronized successfully.","timestamp":"2025-01-24T20:05:16.067Z"}
{"level":"info","message":"Weather data for Sydney saved successfully.","timestamp":"2025-01-24T20:05:16.084Z"}
{"level":"info","message":"Weather data for Sydney synchronized successfully.","timestamp":"2025-01-24T20:05:16.085Z"}
{"level":"info","message":"Starting scheduled weather data synchronization...","timestamp":"2025-01-24T20:05:30.961Z"}
{"level":"info","message":"Weather data for New York saved successfully.","timestamp":"2025-01-24T20:05:31.035Z"}
{"level":"info","message":"Weather data for New York synchronized successfully.","timestamp":"2025-01-24T20:05:31.035Z"}
{"level":"info","message":"Weather data for London saved successfully.","timestamp":"2025-01-24T20:05:31.059Z"}
{"level":"info","message":"Weather data for London synchronized successfully.","timestamp":"2025-01-24T20:05:31.059Z"}
{"level":"info","message":"Weather data for Tokyo saved successfully.","timestamp":"2025-01-24T20:05:31.081Z"}
{"level":"info","message":"Weather data for Tokyo synchronized successfully.","timestamp":"2025-01-24T20:05:31.081Z"}
{"level":"info","message":"Weather data for Mumbai saved successfully.","timestamp":"2025-01-24T20:05:31.107Z"}
{"level":"info","message":"Weather data for Mumbai synchronized successfully.","timestamp":"2025-01-24T20:05:31.108Z"}
{"level":"info","message":"Weather data for Sydney saved successfully.","timestamp":"2025-01-24T20:05:31.134Z"}
{"level":"info","message":"Weather data for Sydney synchronized successfully.","timestamp":"2025-01-24T20:05:31.134Z"}
{"level":"info","message":"Starting scheduled weather data synchronization...","timestamp":"2025-01-24T20:05:45.987Z"}
{"level":"info","message":"Weather data for New York saved successfully.","timestamp":"2025-01-24T20:05:46.048Z"}
{"level":"info","message":"Weather data for New York synchronized successfully.","timestamp":"2025-01-24T20:05:46.049Z"}
{"level":"info","message":"Weather data for London saved successfully.","timestamp":"2025-01-24T20:05:46.071Z"}
{"level":"info","message":"Weather data for London synchronized successfully.","timestamp":"2025-01-24T20:05:46.071Z"}
{"level":"info","message":"Weather data for Tokyo saved successfully.","timestamp":"2025-01-24T20:05:46.092Z"}
{"level":"info","message":"Weather data for Tokyo synchronized successfully.","timestamp":"2025-01-24T20:05:46.093Z"}
{"level":"info","message":"Weather data for Mumbai saved successfully.","timestamp":"2025-01-24T20:05:46.116Z"}
{"level":"info","message":"Weather data for Mumbai synchronized successfully.","timestamp":"2025-01-24T20:05:46.116Z"}
{"level":"info","message":"Weather data for Sydney saved successfully.","timestamp":"2025-01-24T20:05:46.137Z"}
{"level":"info","message":"Weather data for Sydney synchronized successfully.","timestamp":"2025-01-24T20:05:46.137Z"}
{"level":"info","message":"Starting scheduled weather data synchronization...","timestamp":"2025-01-24T20:06:00.010Z"}
{"level":"info","message":"Weather data for New York saved successfully.","timestamp":"2025-01-24T20:06:00.085Z"}
{"level":"info","message":"Weather data for New York synchronized successfully.","timestamp":"2025-01-24T20:06:00.086Z"}
{"level":"info","message":"Weather data for London saved successfully.","timestamp":"2025-01-24T20:06:00.110Z"}
{"level":"info","message":"Weather data for London synchronized successfully.","timestamp":"2025-01-24T20:06:00.111Z"}
{"level":"info","message":"Weather data for Tokyo saved successfully.","timestamp":"2025-01-24T20:06:00.136Z"}
{"level":"info","message":"Weather data for Tokyo synchronized successfully.","timestamp":"2025-01-24T20:06:00.137Z"}
{"level":"info","message":"Weather data for Mumbai saved successfully.","timestamp":"2025-01-24T20:06:00.160Z"}
{"level":"info","message":"Weather data for Mumbai synchronized successfully.","timestamp":"2025-01-24T20:06:00.161Z"}
{"level":"info","message":"Weather data for Sydney saved successfully.","timestamp":"2025-01-24T20:06:00.183Z"}
{"level":"info","message":"Weather data for Sydney synchronized successfully.","timestamp":"2025-01-24T20:06:00.183Z"}
{"level":"info","message":"Starting scheduled weather data synchronization...","timestamp":"2025-01-24T20:06:15.037Z"}
{"level":"info","message":"Weather data for New York saved successfully.","timestamp":"2025-01-24T20:06:15.106Z"}
{"level":"info","message":"Weather data for New York synchronized successfully.","timestamp":"2025-01-24T20:06:15.107Z"}
{"level":"info","message":"Weather data for London saved successfully.","timestamp":"2025-01-24T20:06:15.131Z"}
{"level":"info","message":"Weather data for London synchronized successfully.","timestamp":"2025-01-24T20:06:15.131Z"}
{"level":"info","message":"Weather data for Tokyo saved successfully.","timestamp":"2025-01-24T20:06:15.154Z"}
{"level":"info","message":"Weather data for Tokyo synchronized successfully.","timestamp":"2025-01-24T20:06:15.155Z"}
{"level":"info","message":"Weather data for Mumbai saved successfully.","timestamp":"2025-01-24T20:06:15.176Z"}
{"level":"info","message":"Weather data for Mumbai synchronized successfully.","timestamp":"2025-01-24T20:06:15.177Z"}
{"level":"info","message":"Weather data for Sydney saved successfully.","timestamp":"2025-01-24T20:06:15.199Z"}
{"level":"info","message":"Weather data for Sydney synchronized successfully.","timestamp":"2025-01-24T20:06:15.199Z"}
{"level":"info","message":"Starting scheduled weather data synchronization...","timestamp":"2025-01-24T20:06:30.063Z"}
{"level":"info","message":"Weather data for New York saved successfully.","timestamp":"2025-01-24T20:06:30.133Z"}
{"level":"info","message":"Weather data for New York synchronized successfully.","timestamp":"2025-01-24T20:06:30.133Z"}
{"level":"info","message":"Weather data for London saved successfully.","timestamp":"2025-01-24T20:06:30.154Z"}
{"level":"info","message":"Weather data for London synchronized successfully.","timestamp":"2025-01-24T20:06:30.154Z"}
{"level":"info","message":"Weather data for Tokyo saved successfully.","timestamp":"2025-01-24T20:06:30.172Z"}
{"level":"info","message":"Weather data for Tokyo synchronized successfully.","timestamp":"2025-01-24T20:06:30.173Z"}
{"level":"info","message":"Weather data for Mumbai saved successfully.","timestamp":"2025-01-24T20:06:30.196Z"}
{"level":"info","message":"Weather data for Mumbai synchronized successfully.","timestamp":"2025-01-24T20:06:30.196Z"}
{"level":"info","message":"Weather data for Sydney saved successfully.","timestamp":"2025-01-24T20:06:30.219Z"}
{"level":"info","message":"Weather data for Sydney synchronized successfully.","timestamp":"2025-01-24T20:06:30.220Z"}
{"level":"info","message":"Starting scheduled weather data synchronization...","timestamp":"2025-01-24T20:06:45.084Z"}
{"level":"info","message":"Weather data for New York saved successfully.","timestamp":"2025-01-24T20:06:45.145Z"}
{"level":"info","message":"Weather data for New York synchronized successfully.","timestamp":"2025-01-24T20:06:45.145Z"}
{"level":"info","message":"Weather data for London saved successfully.","timestamp":"2025-01-24T20:06:45.164Z"}
{"level":"info","message":"Weather data for London synchronized successfully.","timestamp":"2025-01-24T20:06:45.165Z"}
{"level":"info","message":"Weather data for Tokyo saved successfully.","timestamp":"2025-01-24T20:06:45.181Z"}
{"level":"info","message":"Weather data for Tokyo synchronized successfully.","timestamp":"2025-01-24T20:06:45.182Z"}
{"level":"info","message":"Weather data for Mumbai saved successfully.","timestamp":"2025-01-24T20:06:45.202Z"}
{"level":"info","message":"Weather data for Mumbai synchronized successfully.","timestamp":"2025-01-24T20:06:45.203Z"}
{"level":"info","message":"Weather data for Sydney saved successfully.","timestamp":"2025-01-24T20:06:45.225Z"}
{"level":"info","message":"Weather data for Sydney synchronized successfully.","timestamp":"2025-01-24T20:06:45.225Z"}
{"level":"info","message":"Starting scheduled weather data synchronization...","timestamp":"2025-01-24T20:07:00.109Z"}
{"level":"info","message":"Weather data for New York saved successfully.","timestamp":"2025-01-24T20:07:00.173Z"}
{"level":"info","message":"Weather data for New York synchronized successfully.","timestamp":"2025-01-24T20:07:00.174Z"}
{"level":"info","message":"Weather data for London saved successfully.","timestamp":"2025-01-24T20:07:00.191Z"}
{"level":"info","message":"Weather data for London synchronized successfully.","timestamp":"2025-01-24T20:07:00.191Z"}
{"level":"info","message":"Weather data for Tokyo saved successfully.","timestamp":"2025-01-24T20:07:00.211Z"}
{"level":"info","message":"Weather data for Tokyo synchronized successfully.","timestamp":"2025-01-24T20:07:00.211Z"}
{"level":"info","message":"Weather data for Mumbai saved successfully.","timestamp":"2025-01-24T20:07:00.230Z"}
{"level":"info","message":"Weather data for Mumbai synchronized successfully.","timestamp":"2025-01-24T20:07:00.230Z"}
{"level":"info","message":"Weather data for Sydney saved successfully.","timestamp":"2025-01-24T20:07:00.253Z"}
{"level":"info","message":"Weather data for Sydney synchronized successfully.","timestamp":"2025-01-24T20:07:00.254Z"}
{"level":"info","message":"Starting scheduled weather data synchronization...","timestamp":"2025-01-24T20:07:15.135Z"}
{"level":"info","message":"Weather data for New York saved successfully.","timestamp":"2025-01-24T20:07:15.208Z"}
{"level":"info","message":"Weather data for New York synchronized successfully.","timestamp":"2025-01-24T20:07:15.209Z"}
{"level":"info","message":"Weather data for London saved successfully.","timestamp":"2025-01-24T20:07:15.231Z"}
{"level":"info","message":"Weather data for London synchronized successfully.","timestamp":"2025-01-24T20:07:15.231Z"}
{"level":"info","message":"Weather data for Tokyo saved successfully.","timestamp":"2025-01-24T20:07:15.251Z"}
{"level":"info","message":"Weather data for Tokyo synchronized successfully.","timestamp":"2025-01-24T20:07:15.252Z"}
{"level":"info","message":"Weather data for Mumbai saved successfully.","timestamp":"2025-01-24T20:07:15.273Z"}
{"level":"info","message":"Weather data for Mumbai synchronized successfully.","timestamp":"2025-01-24T20:07:15.273Z"}
{"level":"info","message":"Weather data for Sydney saved successfully.","timestamp":"2025-01-24T20:07:15.293Z"}
{"level":"info","message":"Weather data for Sydney synchronized successfully.","timestamp":"2025-01-24T20:07:15.293Z"}
{"level":"info","message":"Starting scheduled weather data synchronization...","timestamp":"2025-01-24T20:07:30.170Z"}
{"level":"info","message":"Weather data for New York saved successfully.","timestamp":"2025-01-24T20:07:30.236Z"}
{"level":"info","message":"Weather data for New York synchronized successfully.","timestamp":"2025-01-24T20:07:30.236Z"}
{"level":"info","message":"Weather data for London saved successfully.","timestamp":"2025-01-24T20:07:30.256Z"}
{"level":"info","message":"Weather data for London synchronized successfully.","timestamp":"2025-01-24T20:07:30.257Z"}
{"level":"info","message":"Weather data for Tokyo saved successfully.","timestamp":"2025-01-24T20:07:30.277Z"}
{"level":"info","message":"Weather data for Tokyo synchronized successfully.","timestamp":"2025-01-24T20:07:30.277Z"}
{"level":"info","message":"Weather data for Mumbai saved successfully.","timestamp":"2025-01-24T20:07:30.298Z"}
{"level":"info","message":"Weather data for Mumbai synchronized successfully.","timestamp":"2025-01-24T20:07:30.298Z"}
{"level":"info","message":"Weather data for Sydney saved successfully.","timestamp":"2025-01-24T20:07:30.317Z"}
{"level":"info","message":"Weather data for Sydney synchronized successfully.","timestamp":"2025-01-24T20:07:30.317Z"}
{"level":"info","message":"Starting scheduled weather data synchronization...","timestamp":"2025-01-24T20:07:45.194Z"}
{"level":"info","message":"Weather data for New York saved successfully.","timestamp":"2025-01-24T20:07:45.276Z"}
{"level":"info","message":"Weather data for New York synchronized successfully.","timestamp":"2025-01-24T20:07:45.277Z"}
{"level":"info","message":"Weather data for London saved successfully.","timestamp":"2025-01-24T20:07:45.294Z"}
{"level":"info","message":"Weather data for London synchronized successfully.","timestamp":"2025-01-24T20:07:45.294Z"}
{"level":"info","message":"Weather data for Tokyo saved successfully.","timestamp":"2025-01-24T20:07:45.312Z"}
{"level":"info","message":"Weather data for Tokyo synchronized successfully.","timestamp":"2025-01-24T20:07:45.313Z"}
{"level":"info","message":"Weather data for Mumbai saved successfully.","timestamp":"2025-01-24T20:07:45.335Z"}
{"level":"info","message":"Weather data for Mumbai synchronized successfully.","timestamp":"2025-01-24T20:07:45.335Z"}
{"level":"info","message":"Weather data for Sydney saved successfully.","timestamp":"2025-01-24T20:07:45.359Z"}
{"level":"info","message":"Weather data for Sydney synchronized successfully.","timestamp":"2025-01-24T20:07:45.360Z"}
{"level":"info","message":"Starting scheduled weather data synchronization...","timestamp":"2025-01-24T20:08:00.224Z"}
{"level":"info","message":"Weather data for New York saved successfully.","timestamp":"2025-01-24T20:08:00.302Z"}
{"level":"info","message":"Weather data for New York synchronized successfully.","timestamp":"2025-01-24T20:08:00.302Z"}
{"level":"info","message":"Weather data for London saved successfully.","timestamp":"2025-01-24T20:08:00.325Z"}
{"level":"info","message":"Weather data for London synchronized successfully.","timestamp":"2025-01-24T20:08:00.326Z"}
{"level":"info","message":"Weather data for Tokyo saved successfully.","timestamp":"2025-01-24T20:08:00.345Z"}
{"level":"info","message":"Weather data for Tokyo synchronized successfully.","timestamp":"2025-01-24T20:08:00.345Z"}
{"level":"info","message":"Weather data for Mumbai saved successfully.","timestamp":"2025-01-24T20:08:00.369Z"}
{"level":"info","message":"Weather data for Mumbai synchronized successfully.","timestamp":"2025-01-24T20:08:00.369Z"}
{"level":"info","message":"Weather data for Sydney saved successfully.","timestamp":"2025-01-24T20:08:00.389Z"}
{"level":"info","message":"Weather data for Sydney synchronized successfully.","timestamp":"2025-01-24T20:08:00.389Z"}
{"level":"info","message":"Starting scheduled weather data synchronization...","timestamp":"2025-01-24T20:08:15.256Z"}
{"level":"info","message":"Weather data for New York saved successfully.","timestamp":"2025-01-24T20:08:15.340Z"}
{"level":"info","message":"Weather data for New York synchronized successfully.","timestamp":"2025-01-24T20:08:15.340Z"}
{"level":"info","message":"Weather data for London saved successfully.","timestamp":"2025-01-24T20:08:15.355Z"}
{"level":"info","message":"Weather data for London synchronized successfully.","timestamp":"2025-01-24T20:08:15.355Z"}
{"level":"info","message":"Weather data for Tokyo saved successfully.","timestamp":"2025-01-24T20:08:15.371Z"}
{"level":"info","message":"Weather data for Tokyo synchronized successfully.","timestamp":"2025-01-24T20:08:15.371Z"}
{"level":"info","message":"Weather data for Mumbai saved successfully.","timestamp":"2025-01-24T20:08:15.397Z"}
{"level":"info","message":"Weather data for Mumbai synchronized successfully.","timestamp":"2025-01-24T20:08:15.398Z"}
{"level":"info","message":"Weather data for Sydney saved successfully.","timestamp":"2025-01-24T20:08:15.417Z"}
{"level":"info","message":"Weather data for Sydney synchronized successfully.","timestamp":"2025-01-24T20:08:15.417Z"}
{"level":"info","message":"Starting scheduled weather data synchronization...","timestamp":"2025-01-24T20:08:30.296Z"}
{"level":"info","message":"Weather data for New York saved successfully.","timestamp":"2025-01-24T20:08:30.361Z"}
{"level":"info","message":"Weather data for New York synchronized successfully.","timestamp":"2025-01-24T20:08:30.362Z"}
{"level":"info","message":"Weather data for London saved successfully.","timestamp":"2025-01-24T20:08:30.383Z"}
{"level":"info","message":"Weather data for London synchronized successfully.","timestamp":"2025-01-24T20:08:30.384Z"}
{"level":"info","message":"Weather data for Tokyo saved successfully.","timestamp":"2025-01-24T20:08:30.403Z"}
{"level":"info","message":"Weather data for Tokyo synchronized successfully.","timestamp":"2025-01-24T20:08:30.403Z"}
{"level":"info","message":"Weather data for Mumbai saved successfully.","timestamp":"2025-01-24T20:08:30.427Z"}
{"level":"info","message":"Weather data for Mumbai synchronized successfully.","timestamp":"2025-01-24T20:08:30.428Z"}
{"level":"info","message":"Weather data for Sydney saved successfully.","timestamp":"2025-01-24T20:08:30.447Z"}
{"level":"info","message":"Weather data for Sydney synchronized successfully.","timestamp":"2025-01-24T20:08:30.448Z"}
{"level":"info","message":"Starting scheduled weather data synchronization...","timestamp":"2025-01-24T20:08:45.322Z"}
{"level":"info","message":"Weather data for New York saved successfully.","timestamp":"2025-01-24T20:08:45.405Z"}
{"level":"info","message":"Weather data for New York synchronized successfully.","timestamp":"2025-01-24T20:08:45.405Z"}
{"level":"info","message":"Weather data for London saved successfully.","timestamp":"2025-01-24T20:08:45.426Z"}
{"level":"info","message":"Weather data for London synchronized successfully.","timestamp":"2025-01-24T20:08:45.426Z"}
{"level":"info","message":"Weather data for Tokyo saved successfully.","timestamp":"2025-01-24T20:08:45.445Z"}
{"level":"info","message":"Weather data for Tokyo synchronized successfully.","timestamp":"2025-01-24T20:08:45.445Z"}
{"level":"info","message":"Weather data for Mumbai saved successfully.","timestamp":"2025-01-24T20:08:45.465Z"}
{"level":"info","message":"Weather data for Mumbai synchronized successfully.","timestamp":"2025-01-24T20:08:45.465Z"}
{"level":"info","message":"Weather data for Sydney saved successfully.","timestamp":"2025-01-24T20:08:45.484Z"}
{"level":"info","message":"Weather data for Sydney synchronized successfully.","timestamp":"2025-01-24T20:08:45.484Z"}
{"level":"info","message":"Starting scheduled weather data synchronization...","timestamp":"2025-01-24T20:09:00.351Z"}
{"level":"info","message":"Weather data for New York saved successfully.","timestamp":"2025-01-24T20:09:00.433Z"}
{"level":"info","message":"Weather data for New York synchronized successfully.","timestamp":"2025-01-24T20:09:00.433Z"}
{"level":"info","message":"Weather data for London saved successfully.","timestamp":"2025-01-24T20:09:00.453Z"}
{"level":"info","message":"Weather data for London synchronized successfully.","timestamp":"2025-01-24T20:09:00.453Z"}
{"level":"info","message":"Weather data for Tokyo saved successfully.","timestamp":"2025-01-24T20:09:00.475Z"}
{"level":"info","message":"Weather data for Tokyo synchronized successfully.","timestamp":"2025-01-24T20:09:00.475Z"}
{"level":"info","message":"Weather data for Mumbai saved successfully.","timestamp":"2025-01-24T20:09:00.497Z"}
{"level":"info","message":"Weather data for Mumbai synchronized successfully.","timestamp":"2025-01-24T20:09:00.497Z"}
{"level":"info","message":"Weather data for Sydney saved successfully.","timestamp":"2025-01-24T20:09:00.528Z"}
{"level":"info","message":"Weather data for Sydney synchronized successfully.","timestamp":"2025-01-24T20:09:00.528Z"}
{"level":"info","message":"Starting scheduled weather data synchronization...","timestamp":"2025-01-24T20:09:15.382Z"}
{"level":"info","message":"Weather data for New York saved successfully.","timestamp":"2025-01-24T20:09:15.453Z"}
{"level":"info","message":"Weather data for New York synchronized successfully.","timestamp":"2025-01-24T20:09:15.454Z"}
{"level":"info","message":"Weather data for London saved successfully.","timestamp":"2025-01-24T20:09:15.478Z"}
{"level":"info","message":"Weather data for London synchronized successfully.","timestamp":"2025-01-24T20:09:15.478Z"}
{"level":"info","message":"Weather data for Tokyo saved successfully.","timestamp":"2025-01-24T20:09:15.498Z"}
{"level":"info","message":"Weather data for Tokyo synchronized successfully.","timestamp":"2025-01-24T20:09:15.498Z"}
{"level":"info","message":"Weather data for Mumbai saved successfully.","timestamp":"2025-01-24T20:09:15.521Z"}
{"level":"info","message":"Weather data for Mumbai synchronized successfully.","timestamp":"2025-01-24T20:09:15.522Z"}
{"level":"info","message":"Weather data for Sydney saved successfully.","timestamp":"2025-01-24T20:09:15.543Z"}
{"level":"info","message":"Weather data for Sydney synchronized successfully.","timestamp":"2025-01-24T20:09:15.543Z"}
{"level":"info","message":"Starting scheduled weather data synchronization...","timestamp":"2025-01-24T20:09:30.406Z"}
{"level":"info","message":"Weather data for New York saved successfully.","timestamp":"2025-01-24T20:09:30.459Z"}
{"level":"info","message":"Weather data for New York synchronized successfully.","timestamp":"2025-01-24T20:09:30.459Z"}
{"level":"info","message":"Weather data for London saved successfully.","timestamp":"2025-01-24T20:09:30.480Z"}
{"level":"info","message":"Weather data for London synchronized successfully.","timestamp":"2025-01-24T20:09:30.481Z"}
{"level":"info","message":"Weather data for Tokyo saved successfully.","timestamp":"2025-01-24T20:09:30.506Z"}
{"level":"info","message":"Weather data for Tokyo synchronized successfully.","timestamp":"2025-01-24T20:09:30.506Z"}
{"level":"info","message":"Weather data for Mumbai saved successfully.","timestamp":"2025-01-24T20:09:30.530Z"}
{"level":"info","message":"Weather data for Mumbai synchronized successfully.","timestamp":"2025-01-24T20:09:30.530Z"}
{"level":"info","message":"Weather data for Sydney saved successfully.","timestamp":"2025-01-24T20:09:30.550Z"}
{"level":"info","message":"Weather data for Sydney synchronized successfully.","timestamp":"2025-01-24T20:09:30.550Z"}
{"level":"info","message":"Starting scheduled weather data synchronization...","timestamp":"2025-01-24T20:09:45.429Z"}
{"level":"info","message":"Weather data for New York saved successfully.","timestamp":"2025-01-24T20:09:45.525Z"}
{"level":"info","message":"Weather data for New York synchronized successfully.","timestamp":"2025-01-24T20:09:45.525Z"}
{"level":"info","message":"Weather data for London saved successfully.","timestamp":"2025-01-24T20:09:45.555Z"}
{"level":"info","message":"Weather data for London synchronized successfully.","timestamp":"2025-01-24T20:09:45.555Z"}
{"level":"info","message":"Weather data for Tokyo saved successfully.","timestamp":"2025-01-24T20:09:45.575Z"}
{"level":"info","message":"Weather data for Tokyo synchronized successfully.","timestamp":"2025-01-24T20:09:45.575Z"}
{"level":"info","message":"Weather data for Mumbai saved successfully.","timestamp":"2025-01-24T20:09:45.594Z"}
{"level":"info","message":"Weather data for Mumbai synchronized successfully.","timestamp":"2025-01-24T20:09:45.595Z"}
{"level":"info","message":"Weather data for Sydney saved successfully.","timestamp":"2025-01-24T20:09:45.618Z"}
{"level":"info","message":"Weather data for Sydney synchronized successfully.","timestamp":"2025-01-24T20:09:45.618Z"}
{"level":"info","message":"Starting scheduled weather data synchronization...","timestamp":"2025-01-24T20:10:00.467Z"}
{"level":"info","message":"Weather data for New York saved successfully.","timestamp":"2025-01-24T20:10:00.528Z"}
{"level":"info","message":"Weather data for New York synchronized successfully.","timestamp":"2025-01-24T20:10:00.529Z"}
{"level":"info","message":"Weather data for London saved successfully.","timestamp":"2025-01-24T20:10:00.548Z"}
{"level":"info","message":"Weather data for London synchronized successfully.","timestamp":"2025-01-24T20:10:00.548Z"}
{"level":"info","message":"Weather data for Tokyo saved successfully.","timestamp":"2025-01-24T20:10:00.566Z"}
{"level":"info","message":"Weather data for Tokyo synchronized successfully.","timestamp":"2025-01-24T20:10:00.566Z"}
{"level":"info","message":"Weather data for Mumbai saved successfully.","timestamp":"2025-01-24T20:10:00.582Z"}
{"level":"info","message":"Weather data for Mumbai synchronized successfully.","timestamp":"2025-01-24T20:10:00.583Z"}
{"level":"info","message":"Weather data for Sydney saved successfully.","timestamp":"2025-01-24T20:10:00.599Z"}
{"level":"info","message":"Weather data for Sydney synchronized successfully.","timestamp":"2025-01-24T20:10:00.599Z"}
{"level":"info","message":"Starting scheduled weather data synchronization...","timestamp":"2025-01-24T20:10:15.492Z"}
{"level":"info","message":"Weather data for New York saved successfully.","timestamp":"2025-01-24T20:10:15.591Z"}
{"level":"info","message":"Weather data for New York synchronized successfully.","timestamp":"2025-01-24T20:10:15.591Z"}
{"level":"info","message":"Weather data for London saved successfully.","timestamp":"2025-01-24T20:10:15.610Z"}
{"level":"info","message":"Weather data for London synchronized successfully.","timestamp":"2025-01-24T20:10:15.611Z"}
{"level":"info","message":"Weather data for Tokyo saved successfully.","timestamp":"2025-01-24T20:10:15.630Z"}
{"level":"info","message":"Weather data for Tokyo synchronized successfully.","timestamp":"2025-01-24T20:10:15.631Z"}
{"level":"info","message":"Weather data for Mumbai saved successfully.","timestamp":"2025-01-24T20:10:15.652Z"}
{"level":"info","message":"Weather data for Mumbai synchronized successfully.","timestamp":"2025-01-24T20:10:15.653Z"}
{"level":"info","message":"Weather data for Sydney saved successfully.","timestamp":"2025-01-24T20:10:15.670Z"}
{"level":"info","message":"Weather data for Sydney synchronized successfully.","timestamp":"2025-01-24T20:10:15.670Z"}
{"level":"info","message":"Starting scheduled weather data synchronization...","timestamp":"2025-01-24T20:10:30.527Z"}
{"level":"info","message":"Weather data for New York saved successfully.","timestamp":"2025-01-24T20:10:30.625Z"}
{"level":"info","message":"Weather data for New York synchronized successfully.","timestamp":"2025-01-24T20:10:30.625Z"}
{"level":"info","message":"Weather data for London saved successfully.","timestamp":"2025-01-24T20:10:30.644Z"}
{"level":"info","message":"Weather data for London synchronized successfully.","timestamp":"2025-01-24T20:10:30.645Z"}
{"level":"info","message":"Weather data for Tokyo saved successfully.","timestamp":"2025-01-24T20:10:30.663Z"}
{"level":"info","message":"Weather data for Tokyo synchronized successfully.","timestamp":"2025-01-24T20:10:30.663Z"}
{"level":"info","message":"Weather data for Mumbai saved successfully.","timestamp":"2025-01-24T20:10:30.685Z"}
{"level":"info","message":"Weather data for Mumbai synchronized successfully.","timestamp":"2025-01-24T20:10:30.685Z"}
{"level":"info","message":"Weather data for Sydney saved successfully.","timestamp":"2025-01-24T20:10:30.706Z"}
{"level":"info","message":"Weather data for Sydney synchronized successfully.","timestamp":"2025-01-24T20:10:30.706Z"}
{"level":"info","message":"Starting scheduled weather data synchronization...","timestamp":"2025-01-24T20:10:45.582Z"}
{"level":"info","message":"Weather data for New York saved successfully.","timestamp":"2025-01-24T20:10:45.743Z"}
{"level":"info","message":"Weather data for New York synchronized successfully.","timestamp":"2025-01-24T20:10:45.743Z"}
{"level":"info","message":"Weather data for London saved successfully.","timestamp":"2025-01-24T20:10:45.756Z"}
{"level":"info","message":"Weather data for London synchronized successfully.","timestamp":"2025-01-24T20:10:45.756Z"}
{"level":"info","message":"Weather data for Tokyo saved successfully.","timestamp":"2025-01-24T20:10:45.770Z"}
{"level":"info","message":"Weather data for Tokyo synchronized successfully.","timestamp":"2025-01-24T20:10:45.770Z"}
{"level":"info","message":"Weather data for Mumbai saved successfully.","timestamp":"2025-01-24T20:10:45.784Z"}
{"level":"info","message":"Weather data for Mumbai synchronized successfully.","timestamp":"2025-01-24T20:10:45.784Z"}
{"level":"info","message":"Weather data for Sydney saved successfully.","timestamp":"2025-01-24T20:10:45.796Z"}
{"level":"info","message":"Weather data for Sydney synchronized successfully.","timestamp":"2025-01-24T20:10:45.796Z"}
{"level":"info","message":"Starting scheduled weather data synchronization...","timestamp":"2025-01-24T20:11:00.666Z"}
{"level":"info","message":"Weather data for New York saved successfully.","timestamp":"2025-01-24T20:11:00.728Z"}
{"level":"info","message":"Weather data for New York synchronized successfully.","timestamp":"2025-01-24T20:11:00.729Z"}
{"level":"info","message":"Weather data for London saved successfully.","timestamp":"2025-01-24T20:11:00.750Z"}
{"level":"info","message":"Weather data for London synchronized successfully.","timestamp":"2025-01-24T20:11:00.750Z"}
{"level":"info","message":"Weather data for Tokyo saved successfully.","timestamp":"2025-01-24T20:11:00.767Z"}
{"level":"info","message":"Weather data for Tokyo synchronized successfully.","timestamp":"2025-01-24T20:11:00.767Z"}
{"level":"info","message":"Weather data for Mumbai saved successfully.","timestamp":"2025-01-24T20:11:00.789Z"}
{"level":"info","message":"Weather data for Mumbai synchronized successfully.","timestamp":"2025-01-24T20:11:00.790Z"}
{"level":"info","message":"Weather data for Sydney saved successfully.","timestamp":"2025-01-24T20:11:00.813Z"}
{"level":"info","message":"Weather data for Sydney synchronized successfully.","timestamp":"2025-01-24T20:11:00.813Z"}
{"level":"info","message":"Starting scheduled weather data synchronization...","timestamp":"2025-01-24T20:11:15.702Z"}
{"level":"info","message":"Weather data for New York saved successfully.","timestamp":"2025-01-24T20:11:15.756Z"}
{"level":"info","message":"Weather data for New York synchronized successfully.","timestamp":"2025-01-24T20:11:15.756Z"}
{"level":"info","message":"Weather data for London saved successfully.","timestamp":"2025-01-24T20:11:15.775Z"}
{"level":"info","message":"Weather data for London synchronized successfully.","timestamp":"2025-01-24T20:11:15.775Z"}
{"level":"info","message":"Weather data for Tokyo saved successfully.","timestamp":"2025-01-24T20:11:15.794Z"}
{"level":"info","message":"Weather data for Tokyo synchronized successfully.","timestamp":"2025-01-24T20:11:15.794Z"}
{"level":"info","message":"Weather data for Mumbai saved successfully.","timestamp":"2025-01-24T20:11:15.815Z"}
{"level":"info","message":"Weather data for Mumbai synchronized successfully.","timestamp":"2025-01-24T20:11:15.815Z"}
{"level":"info","message":"Weather data for Sydney saved successfully.","timestamp":"2025-01-24T20:11:15.835Z"}
{"level":"info","message":"Weather data for Sydney synchronized successfully.","timestamp":"2025-01-24T20:11:15.836Z"}
{"level":"info","message":"Starting scheduled weather data synchronization...","timestamp":"2025-01-24T20:11:30.733Z"}
{"level":"info","message":"Weather data for New York saved successfully.","timestamp":"2025-01-24T20:11:30.814Z"}
{"level":"info","message":"Weather data for New York synchronized successfully.","timestamp":"2025-01-24T20:11:30.814Z"}
{"level":"info","message":"Weather data for London saved successfully.","timestamp":"2025-01-24T20:11:30.833Z"}
{"level":"info","message":"Weather data for London synchronized successfully.","timestamp":"2025-01-24T20:11:30.833Z"}
{"level":"info","message":"Weather data for Tokyo saved successfully.","timestamp":"2025-01-24T20:11:30.853Z"}
{"level":"info","message":"Weather data for Tokyo synchronized successfully.","timestamp":"2025-01-24T20:11:30.853Z"}
{"level":"info","message":"Weather data for Mumbai saved successfully.","timestamp":"2025-01-24T20:11:30.883Z"}
{"level":"info","message":"Weather data for Mumbai synchronized successfully.","timestamp":"2025-01-24T20:11:30.884Z"}
{"level":"info","message":"Weather data for Sydney saved successfully.","timestamp":"2025-01-24T20:11:30.904Z"}
{"level":"info","message":"Weather data for Sydney synchronized successfully.","timestamp":"2025-01-24T20:11:30.905Z"}
{"level":"info","message":"Server is running on http://localhost:3000","timestamp":"2025-01-24T20:14:23.380Z"}
{"level":"info","message":"Database initialized successfully.","timestamp":"2025-01-24T20:14:23.395Z"}
{"level":"info","message":"Starting scheduled weather data synchronization...","timestamp":"2025-01-24T20:14:30.391Z"}
{"level":"info","message":"Weather data for New York saved successfully.","timestamp":"2025-01-24T20:14:30.514Z"}
{"level":"info","message":"Weather data for New York synchronized successfully.","timestamp":"2025-01-24T20:14:30.514Z"}
{"level":"info","message":"Weather data for London saved successfully.","timestamp":"2025-01-24T20:14:30.529Z"}
{"level":"info","message":"Weather data for London synchronized successfully.","timestamp":"2025-01-24T20:14:30.529Z"}
{"level":"info","message":"Weather data for Tokyo saved successfully.","timestamp":"2025-01-24T20:14:30.544Z"}
{"level":"info","message":"Weather data for Tokyo synchronized successfully.","timestamp":"2025-01-24T20:14:30.544Z"}
{"level":"info","message":"Weather data for Mumbai saved successfully.","timestamp":"2025-01-24T20:14:30.560Z"}
{"level":"info","message":"Weather data for Mumbai synchronized successfully.","timestamp":"2025-01-24T20:14:30.560Z"}
{"level":"info","message":"Weather data for Sydney saved successfully.","timestamp":"2025-01-24T20:14:30.577Z"}
{"level":"info","message":"Weather data for Sydney synchronized successfully.","timestamp":"2025-01-24T20:14:30.577Z"}
{"level":"info","message":"Starting scheduled weather data synchronization...","timestamp":"2025-01-24T20:14:45.465Z"}
{"level":"info","message":"Weather data for New York saved successfully.","timestamp":"2025-01-24T20:14:45.601Z"}
{"level":"info","message":"Weather data for New York synchronized successfully.","timestamp":"2025-01-24T20:14:45.601Z"}
{"level":"info","message":"Weather data for London saved successfully.","timestamp":"2025-01-24T20:14:45.618Z"}
{"level":"info","message":"Weather data for London synchronized successfully.","timestamp":"2025-01-24T20:14:45.618Z"}
{"level":"info","message":"Weather data for Tokyo saved successfully.","timestamp":"2025-01-24T20:14:45.638Z"}
{"level":"info","message":"Weather data for Tokyo synchronized successfully.","timestamp":"2025-01-24T20:14:45.638Z"}
{"level":"info","message":"Weather data for Mumbai saved successfully.","timestamp":"2025-01-24T20:14:45.656Z"}
{"level":"info","message":"Weather data for Mumbai synchronized successfully.","timestamp":"2025-01-24T20:14:45.656Z"}
{"level":"info","message":"Weather data for Sydney saved successfully.","timestamp":"2025-01-24T20:14:45.673Z"}
{"level":"info","message":"Weather data for Sydney synchronized successfully.","timestamp":"2025-01-24T20:14:45.673Z"}
{"level":"info","message":"Received termination signal. Cleaning up...","timestamp":"2025-01-24T20:14:53.739Z"}
{"level":"info","message":"Received termination signal. Cleaning up...","timestamp":"2025-01-24T20:14:53.741Z"}
{"level":"info","message":"Weather table cleared and primary key reset.","timestamp":"2025-01-24T20:14:53.744Z"}
{"level":"info","message":"Weather table cleared and primary key reset.","timestamp":"2025-01-24T20:14:53.745Z"}
{"level":"info","message":"Weather table cleared and primary key reset.","timestamp":"2025-01-24T20:14:53.747Z"}
{"level":"info","message":"Weather table cleared and primary key reset.","timestamp":"2025-01-24T20:14:53.747Z"}
{"level":"info","message":"Server is running on http://localhost:3000","timestamp":"2025-01-24T20:16:11.924Z"}
{"level":"info","message":"Database initialized successfully.","timestamp":"2025-01-24T20:16:11.948Z"}
{"level":"info","message":"Starting scheduled weather data synchronization...","timestamp":"2025-01-24T20:16:15.926Z"}
{"level":"info","message":"Weather data for New York saved successfully.","timestamp":"2025-01-24T20:16:16.092Z"}
{"level":"info","message":"Weather data for New York synchronized successfully.","timestamp":"2025-01-24T20:16:16.092Z"}
{"level":"info","message":"Weather data for London saved successfully.","timestamp":"2025-01-24T20:16:16.114Z"}
{"level":"info","message":"Weather data for London synchronized successfully.","timestamp":"2025-01-24T20:16:16.115Z"}
{"level":"info","message":"Weather data for Tokyo saved successfully.","timestamp":"2025-01-24T20:16:16.140Z"}
{"level":"info","message":"Weather data for Tokyo synchronized successfully.","timestamp":"2025-01-24T20:16:16.140Z"}
{"level":"info","message":"Weather data for Mumbai saved successfully.","timestamp":"2025-01-24T20:16:16.168Z"}
{"level":"info","message":"Weather data for Mumbai synchronized successfully.","timestamp":"2025-01-24T20:16:16.169Z"}
{"level":"info","message":"Weather data for Sydney saved successfully.","timestamp":"2025-01-24T20:16:16.193Z"}
{"level":"info","message":"Weather data for Sydney synchronized successfully.","timestamp":"2025-01-24T20:16:16.194Z"}
{"level":"info","message":"Starting scheduled weather data synchronization...","timestamp":"2025-01-24T20:16:30.983Z"}
{"level":"info","message":"Weather data for New York saved successfully.","timestamp":"2025-01-24T20:16:31.043Z"}
{"level":"info","message":"Weather data for New York synchronized successfully.","timestamp":"2025-01-24T20:16:31.043Z"}
{"level":"info","message":"Weather data for London saved successfully.","timestamp":"2025-01-24T20:16:31.064Z"}
{"level":"info","message":"Weather data for London synchronized successfully.","timestamp":"2025-01-24T20:16:31.064Z"}
{"level":"info","message":"Weather data for Tokyo saved successfully.","timestamp":"2025-01-24T20:16:31.082Z"}
{"level":"info","message":"Weather data for Tokyo synchronized successfully.","timestamp":"2025-01-24T20:16:31.083Z"}
{"level":"info","message":"Weather data for Mumbai saved successfully.","timestamp":"2025-01-24T20:16:31.104Z"}
{"level":"info","message":"Weather data for Mumbai synchronized successfully.","timestamp":"2025-01-24T20:16:31.105Z"}
{"level":"info","message":"Weather data for Sydney saved successfully.","timestamp":"2025-01-24T20:16:31.127Z"}
{"level":"info","message":"Weather data for Sydney synchronized successfully.","timestamp":"2025-01-24T20:16:31.128Z"}
{"level":"info","message":"Received termination signal. Cleaning up...","timestamp":"2025-01-24T20:16:35.855Z"}
{"level":"info","message":"Received termination signal. Cleaning up...","timestamp":"2025-01-24T20:16:35.856Z"}
{"level":"info","message":"Weather table cleared and primary key reset.","timestamp":"2025-01-24T20:16:35.860Z"}
{"level":"info","message":"Weather table cleared and primary key reset.","timestamp":"2025-01-24T20:16:35.862Z"}
{"level":"info","message":"Server is running on http://localhost:3000","timestamp":"2025-01-24T20:32:04.572Z"}
{"level":"info","message":"Database initialized successfully.","timestamp":"2025-01-24T20:32:04.587Z"}
{"level":"info","message":"Received termination signal. Cleaning up...","timestamp":"2025-01-24T20:32:08.162Z"}
{"level":"info","message":"Received termination signal. Cleaning up...","timestamp":"2025-01-24T20:32:08.164Z"}
{"level":"info","message":"Weather table cleared and primary key reset.","timestamp":"2025-01-24T20:32:08.168Z"}
{"level":"info","message":"Weather table cleared and primary key reset.","timestamp":"2025-01-24T20:32:08.169Z"}
{"level":"info","message":"Server is running on http://localhost:3000","timestamp":"2025-01-24T20:46:45.562Z"}
{"level":"info","message":"Database initialized successfully.","timestamp":"2025-01-24T20:46:45.577Z"}
{"level":"info","message":"Starting scheduled weather data synchronization...","timestamp":"2025-01-24T20:47:00.587Z"}
{"level":"info","message":"Weather data for New York saved successfully.","timestamp":"2025-01-24T20:47:00.712Z"}
{"level":"info","message":"Weather data for New York synchronized successfully.","timestamp":"2025-01-24T20:47:00.712Z"}
{"level":"info","message":"Weather data for London saved successfully.","timestamp":"2025-01-24T20:47:00.730Z"}
{"level":"info","message":"Weather data for London synchronized successfully.","timestamp":"2025-01-24T20:47:00.731Z"}
{"level":"info","message":"Weather data for Tokyo saved successfully.","timestamp":"2025-01-24T20:47:00.750Z"}
{"level":"info","message":"Weather data for Tokyo synchronized successfully.","timestamp":"2025-01-24T20:47:00.750Z"}
{"level":"info","message":"Weather data for Mumbai saved successfully.","timestamp":"2025-01-24T20:47:00.777Z"}
{"level":"info","message":"Weather data for Mumbai synchronized successfully.","timestamp":"2025-01-24T20:47:00.777Z"}
{"level":"info","message":"Weather data for Sydney saved successfully.","timestamp":"2025-01-24T20:47:00.802Z"}
{"level":"info","message":"Weather data for Sydney synchronized successfully.","timestamp":"2025-01-24T20:47:00.802Z"}
{"level":"info","message":"Received termination signal. Cleaning up...","timestamp":"2025-01-24T20:47:02.574Z"}
{"level":"info","message":"Weather table cleared and primary key reset.","timestamp":"2025-01-24T20:47:02.577Z"}
{"level":"info","message":"Database connection closed.","timestamp":"2025-01-24T20:47:02.577Z"}
{"level":"info","message":"Server is running on http://localhost:3000","timestamp":"2025-01-24T22:42:43.541Z"}
{"level":"info","message":"Database initialized successfully.","timestamp":"2025-01-24T22:42:43.555Z"}
{"level":"info","message":"Scheduler started: Weather data will be synchronized every 15 minutes.","timestamp":"2025-01-24T22:42:43.557Z"}
{"level":"info","message":"Received termination signal. Cleaning up...","timestamp":"2025-01-24T22:43:03.787Z"}
{"level":"info","message":"Weather table cleared and primary key reset.","timestamp":"2025-01-24T22:43:03.793Z"}
{"level":"info","message":"Database connection closed.","timestamp":"2025-01-24T22:43:03.794Z"}
{"level":"info","message":"Server is running on http://localhost:3000","timestamp":"2025-01-24T22:43:37.185Z"}
{"level":"info","message":"Database initialized successfully.","timestamp":"2025-01-24T22:43:37.198Z"}
{"level":"info","message":"Scheduler started: Weather data will be synchronized every 15 minutes.","timestamp":"2025-01-24T22:43:37.200Z"}
{"level":"info","message":"Cron job triggered: Synchronizing weather data...","timestamp":"2025-01-24T22:43:45.215Z"}
{"level":"info","message":"Weather data for New York saved successfully.","timestamp":"2025-01-24T22:43:45.461Z"}
{"level":"info","message":"Weather data synchronized for New York","timestamp":"2025-01-24T22:43:45.462Z"}
{"level":"info","message":"Weather data for London saved successfully.","timestamp":"2025-01-24T22:43:45.478Z"}
{"level":"info","message":"Weather data synchronized for London","timestamp":"2025-01-24T22:43:45.478Z"}
{"level":"info","message":"Weather data for Tokyo saved successfully.","timestamp":"2025-01-24T22:43:45.494Z"}
{"level":"info","message":"Weather data synchronized for Tokyo","timestamp":"2025-01-24T22:43:45.495Z"}
{"level":"info","message":"Weather data for Mumbai saved successfully.","timestamp":"2025-01-24T22:43:45.509Z"}
{"level":"info","message":"Weather data synchronized for Mumbai","timestamp":"2025-01-24T22:43:45.510Z"}
{"level":"info","message":"Weather data for Sydney saved successfully.","timestamp":"2025-01-24T22:43:45.529Z"}
{"level":"info","message":"Weather data synchronized for Sydney","timestamp":"2025-01-24T22:43:45.529Z"}
{"level":"info","message":"Cron job triggered: Synchronizing weather data...","timestamp":"2025-01-24T22:44:00.283Z"}
{"level":"info","message":"Weather data for New York saved successfully.","timestamp":"2025-01-24T22:44:00.348Z"}
{"level":"info","message":"Weather data synchronized for New York","timestamp":"2025-01-24T22:44:00.348Z"}
{"level":"info","message":"Weather data for London saved successfully.","timestamp":"2025-01-24T22:44:00.365Z"}
{"level":"info","message":"Weather data synchronized for London","timestamp":"2025-01-24T22:44:00.366Z"}
{"level":"info","message":"Weather data for Tokyo saved successfully.","timestamp":"2025-01-24T22:44:00.382Z"}
{"level":"info","message":"Weather data synchronized for Tokyo","timestamp":"2025-01-24T22:44:00.382Z"}
{"level":"info","message":"Weather data for Mumbai saved successfully.","timestamp":"2025-01-24T22:44:00.401Z"}
{"level":"info","message":"Weather data synchronized for Mumbai","timestamp":"2025-01-24T22:44:00.401Z"}
{"level":"info","message":"Weather data for Sydney saved successfully.","timestamp":"2025-01-24T22:44:00.418Z"}
{"level":"info","message":"Weather data synchronized for Sydney","timestamp":"2025-01-24T22:44:00.418Z"}
{"level":"info","message":"Received termination signal. Cleaning up...","timestamp":"2025-01-24T22:44:09.467Z"}
{"level":"info","message":"Weather table cleared and primary key reset.","timestamp":"2025-01-24T22:44:09.472Z"}
{"level":"info","message":"Database connection closed.","timestamp":"2025-01-24T22:44:09.473Z"}
{"level":"info","message":"Server is running on http://localhost:3000","timestamp":"2025-01-25T01:15:28.040Z"}
{"level":"info","message":"Database initialized successfully.","timestamp":"2025-01-25T01:15:28.055Z"}
{"level":"info","message":"Scheduler started: Weather data will be synchronized every 15 minutes.","timestamp":"2025-01-25T01:15:28.058Z"}
{"level":"info","message":"Cron job triggered: Synchronizing weather data...","timestamp":"2025-01-25T01:15:30.061Z"}
{"level":"info","message":"Weather data for New York saved successfully.","timestamp":"2025-01-25T01:15:30.206Z"}
{"level":"info","message":"Weather data synchronized for New York","timestamp":"2025-01-25T01:15:30.206Z"}
{"level":"info","message":"Weather data for London saved successfully.","timestamp":"2025-01-25T01:15:30.223Z"}
{"level":"info","message":"Weather data synchronized for London","timestamp":"2025-01-25T01:15:30.223Z"}
{"level":"info","message":"Weather data for Tokyo saved successfully.","timestamp":"2025-01-25T01:15:30.242Z"}
{"level":"info","message":"Weather data synchronized for Tokyo","timestamp":"2025-01-25T01:15:30.242Z"}
{"level":"info","message":"Weather data for Mumbai saved successfully.","timestamp":"2025-01-25T01:15:30.262Z"}
{"level":"info","message":"Weather data synchronized for Mumbai","timestamp":"2025-01-25T01:15:30.262Z"}
{"level":"info","message":"Weather data for Sydney saved successfully.","timestamp":"2025-01-25T01:15:30.285Z"}
{"level":"info","message":"Weather data synchronized for Sydney","timestamp":"2025-01-25T01:15:30.286Z"}
{"level":"info","message":"Cron job triggered: Synchronizing weather data...","timestamp":"2025-01-25T01:15:45.118Z"}
{"level":"info","message":"Weather data for New York saved successfully.","timestamp":"2025-01-25T01:15:45.185Z"}
{"level":"info","message":"Weather data synchronized for New York","timestamp":"2025-01-25T01:15:45.185Z"}
{"level":"info","message":"Weather data for London saved successfully.","timestamp":"2025-01-25T01:15:45.204Z"}
{"level":"info","message":"Weather data synchronized for London","timestamp":"2025-01-25T01:15:45.204Z"}
{"level":"info","message":"Weather data for Tokyo saved successfully.","timestamp":"2025-01-25T01:15:45.219Z"}
{"level":"info","message":"Weather data synchronized for Tokyo","timestamp":"2025-01-25T01:15:45.219Z"}
{"level":"info","message":"Weather data for Mumbai saved successfully.","timestamp":"2025-01-25T01:15:45.247Z"}
{"level":"info","message":"Weather data synchronized for Mumbai","timestamp":"2025-01-25T01:15:45.248Z"}
{"level":"info","message":"Weather data for Sydney saved successfully.","timestamp":"2025-01-25T01:15:45.266Z"}
{"level":"info","message":"Weather data synchronized for Sydney","timestamp":"2025-01-25T01:15:45.266Z"}
{"level":"info","message":"Cron job triggered: Synchronizing weather data...","timestamp":"2025-01-25T01:16:00.144Z"}
{"level":"info","message":"Weather data for New York saved successfully.","timestamp":"2025-01-25T01:16:00.224Z"}
{"level":"info","message":"Weather data synchronized for New York","timestamp":"2025-01-25T01:16:00.224Z"}
{"level":"info","message":"Weather data for London saved successfully.","timestamp":"2025-01-25T01:16:00.242Z"}
{"level":"info","message":"Weather data synchronized for London","timestamp":"2025-01-25T01:16:00.242Z"}
{"level":"info","message":"Weather data for Tokyo saved successfully.","timestamp":"2025-01-25T01:16:00.258Z"}
{"level":"info","message":"Weather data synchronized for Tokyo","timestamp":"2025-01-25T01:16:00.258Z"}
{"level":"info","message":"Weather data for Mumbai saved successfully.","timestamp":"2025-01-25T01:16:00.274Z"}
{"level":"info","message":"Weather data synchronized for Mumbai","timestamp":"2025-01-25T01:16:00.274Z"}
{"level":"info","message":"Weather data for Sydney saved successfully.","timestamp":"2025-01-25T01:16:00.290Z"}
{"level":"info","message":"Weather data synchronized for Sydney","timestamp":"2025-01-25T01:16:00.290Z"}
{"level":"info","message":"Cron job triggered: Synchronizing weather data...","timestamp":"2025-01-25T01:16:15.174Z"}
{"level":"info","message":"Weather data for New York saved successfully.","timestamp":"2025-01-25T01:16:15.235Z"}
{"level":"info","message":"Weather data synchronized for New York","timestamp":"2025-01-25T01:16:15.236Z"}
{"level":"info","message":"Weather data for London saved successfully.","timestamp":"2025-01-25T01:16:15.263Z"}
{"level":"info","message":"Weather data synchronized for London","timestamp":"2025-01-25T01:16:15.263Z"}
{"level":"info","message":"Weather data for Tokyo saved successfully.","timestamp":"2025-01-25T01:16:15.280Z"}
{"level":"info","message":"Weather data synchronized for Tokyo","timestamp":"2025-01-25T01:16:15.280Z"}
{"level":"info","message":"Weather data for Mumbai saved successfully.","timestamp":"2025-01-25T01:16:15.298Z"}
{"level":"info","message":"Weather data synchronized for Mumbai","timestamp":"2025-01-25T01:16:15.299Z"}
{"level":"info","message":"Weather data for Sydney saved successfully.","timestamp":"2025-01-25T01:16:15.318Z"}
{"level":"info","message":"Weather data synchronized for Sydney","timestamp":"2025-01-25T01:16:15.318Z"}
{"level":"info","message":"Cron job triggered: Synchronizing weather data...","timestamp":"2025-01-25T01:16:30.200Z"}
{"level":"info","message":"Weather data for New York saved successfully.","timestamp":"2025-01-25T01:16:30.263Z"}
{"level":"info","message":"Weather data synchronized for New York","timestamp":"2025-01-25T01:16:30.263Z"}
{"level":"info","message":"Weather data for London saved successfully.","timestamp":"2025-01-25T01:16:30.280Z"}
{"level":"info","message":"Weather data synchronized for London","timestamp":"2025-01-25T01:16:30.280Z"}
{"level":"info","message":"Weather data for Tokyo saved successfully.","timestamp":"2025-01-25T01:16:30.297Z"}
{"level":"info","message":"Weather data synchronized for Tokyo","timestamp":"2025-01-25T01:16:30.298Z"}
{"level":"info","message":"Weather data for Mumbai saved successfully.","timestamp":"2025-01-25T01:16:30.336Z"}
{"level":"info","message":"Weather data synchronized for Mumbai","timestamp":"2025-01-25T01:16:30.336Z"}
{"level":"info","message":"Weather data for Sydney saved successfully.","timestamp":"2025-01-25T01:16:30.354Z"}
{"level":"info","message":"Weather data synchronized for Sydney","timestamp":"2025-01-25T01:16:30.354Z"}
{"level":"info","message":"Cron job triggered: Synchronizing weather data...","timestamp":"2025-01-25T01:17:00.130Z"}
{"level":"info","message":"Weather data for New York saved successfully.","timestamp":"2025-01-25T01:17:00.235Z"}
{"level":"info","message":"Weather data synchronized for New York","timestamp":"2025-01-25T01:17:00.235Z"}
{"level":"info","message":"Weather data for London saved successfully.","timestamp":"2025-01-25T01:17:00.249Z"}
{"level":"info","message":"Weather data synchronized for London","timestamp":"2025-01-25T01:17:00.249Z"}
{"level":"info","message":"Weather data for Tokyo saved successfully.","timestamp":"2025-01-25T01:17:00.265Z"}
{"level":"info","message":"Weather data synchronized for Tokyo","timestamp":"2025-01-25T01:17:00.265Z"}
{"level":"info","message":"Weather data for Mumbai saved successfully.","timestamp":"2025-01-25T01:17:00.292Z"}
{"level":"info","message":"Weather data synchronized for Mumbai","timestamp":"2025-01-25T01:17:00.293Z"}
{"level":"info","message":"Weather data for Sydney saved successfully.","timestamp":"2025-01-25T01:17:00.310Z"}
{"level":"info","message":"Weather data synchronized for Sydney","timestamp":"2025-01-25T01:17:00.310Z"}
{"level":"info","message":"Cron job triggered: Synchronizing weather data...","timestamp":"2025-01-25T01:17:15.184Z"}
{"level":"info","message":"Weather data for New York saved successfully.","timestamp":"2025-01-25T01:17:15.252Z"}
{"level":"info","message":"Weather data synchronized for New York","timestamp":"2025-01-25T01:17:15.252Z"}
{"level":"info","message":"Weather data for London saved successfully.","timestamp":"2025-01-25T01:17:15.271Z"}
{"level":"info","message":"Weather data synchronized for London","timestamp":"2025-01-25T01:17:15.271Z"}
{"level":"info","message":"Weather data for Tokyo saved successfully.","timestamp":"2025-01-25T01:17:15.289Z"}
{"level":"info","message":"Weather data synchronized for Tokyo","timestamp":"2025-01-25T01:17:15.290Z"}
{"level":"info","message":"Weather data for Mumbai saved successfully.","timestamp":"2025-01-25T01:17:15.309Z"}
{"level":"info","message":"Weather data synchronized for Mumbai","timestamp":"2025-01-25T01:17:15.309Z"}
{"level":"info","message":"Weather data for Sydney saved successfully.","timestamp":"2025-01-25T01:17:15.327Z"}
{"level":"info","message":"Weather data synchronized for Sydney","timestamp":"2025-01-25T01:17:15.327Z"}
{"level":"info","message":"Cron job triggered: Synchronizing weather data...","timestamp":"2025-01-25T01:17:30.212Z"}
{"level":"info","message":"Weather data for New York saved successfully.","timestamp":"2025-01-25T01:17:30.274Z"}
{"level":"info","message":"Weather data synchronized for New York","timestamp":"2025-01-25T01:17:30.275Z"}
{"level":"info","message":"Weather data for London saved successfully.","timestamp":"2025-01-25T01:17:30.295Z"}
{"level":"info","message":"Weather data synchronized for London","timestamp":"2025-01-25T01:17:30.296Z"}
{"level":"info","message":"Weather data for Tokyo saved successfully.","timestamp":"2025-01-25T01:17:30.314Z"}
{"level":"info","message":"Weather data synchronized for Tokyo","timestamp":"2025-01-25T01:17:30.314Z"}
{"level":"info","message":"Weather data for Mumbai saved successfully.","timestamp":"2025-01-25T01:17:30.332Z"}
{"level":"info","message":"Weather data synchronized for Mumbai","timestamp":"2025-01-25T01:17:30.332Z"}
{"level":"info","message":"Weather data for Sydney saved successfully.","timestamp":"2025-01-25T01:17:30.352Z"}
{"level":"info","message":"Weather data synchronized for Sydney","timestamp":"2025-01-25T01:17:30.352Z"}
{"level":"info","message":"Cron job triggered: Synchronizing weather data...","timestamp":"2025-01-25T01:17:45.233Z"}
{"level":"info","message":"Weather data for New York saved successfully.","timestamp":"2025-01-25T01:17:45.292Z"}
{"level":"info","message":"Weather data synchronized for New York","timestamp":"2025-01-25T01:17:45.292Z"}
{"level":"info","message":"Weather data for London saved successfully.","timestamp":"2025-01-25T01:17:45.308Z"}
{"level":"info","message":"Weather data synchronized for London","timestamp":"2025-01-25T01:17:45.308Z"}
{"level":"info","message":"Weather data for Tokyo saved successfully.","timestamp":"2025-01-25T01:17:45.325Z"}
{"level":"info","message":"Weather data synchronized for Tokyo","timestamp":"2025-01-25T01:17:45.325Z"}
{"level":"info","message":"Weather data for Mumbai saved successfully.","timestamp":"2025-01-25T01:17:45.341Z"}
{"level":"info","message":"Weather data synchronized for Mumbai","timestamp":"2025-01-25T01:17:45.341Z"}
{"level":"info","message":"Weather data for Sydney saved successfully.","timestamp":"2025-01-25T01:17:45.357Z"}
{"level":"info","message":"Weather data synchronized for Sydney","timestamp":"2025-01-25T01:17:45.357Z"}
{"level":"info","message":"Cron job triggered: Synchronizing weather data...","timestamp":"2025-01-25T01:18:00.255Z"}
{"level":"info","message":"Weather data for New York saved successfully.","timestamp":"2025-01-25T01:18:00.325Z"}
{"level":"info","message":"Weather data synchronized for New York","timestamp":"2025-01-25T01:18:00.325Z"}
{"level":"info","message":"Weather data for London saved successfully.","timestamp":"2025-01-25T01:18:00.347Z"}
{"level":"info","message":"Weather data synchronized for London","timestamp":"2025-01-25T01:18:00.347Z"}
{"level":"info","message":"Weather data for Tokyo saved successfully.","timestamp":"2025-01-25T01:18:00.371Z"}
{"level":"info","message":"Weather data synchronized for Tokyo","timestamp":"2025-01-25T01:18:00.371Z"}
{"level":"info","message":"Weather data for Mumbai saved successfully.","timestamp":"2025-01-25T01:18:00.389Z"}
{"level":"info","message":"Weather data synchronized for Mumbai","timestamp":"2025-01-25T01:18:00.389Z"}
{"level":"info","message":"Weather data for Sydney saved successfully.","timestamp":"2025-01-25T01:18:00.405Z"}
{"level":"info","message":"Weather data synchronized for Sydney","timestamp":"2025-01-25T01:18:00.405Z"}
{"level":"info","message":"Cron job triggered: Synchronizing weather data...","timestamp":"2025-01-25T01:18:15.280Z"}
{"level":"info","message":"Weather data for New York saved successfully.","timestamp":"2025-01-25T01:18:15.338Z"}
{"level":"info","message":"Weather data synchronized for New York","timestamp":"2025-01-25T01:18:15.339Z"}
{"level":"info","message":"Weather data for London saved successfully.","timestamp":"2025-01-25T01:18:15.356Z"}
{"level":"info","message":"Weather data synchronized for London","timestamp":"2025-01-25T01:18:15.356Z"}
{"level":"info","message":"Weather data for Tokyo saved successfully.","timestamp":"2025-01-25T01:18:15.370Z"}
{"level":"info","message":"Weather data synchronized for Tokyo","timestamp":"2025-01-25T01:18:15.370Z"}
{"level":"info","message":"Weather data for Mumbai saved successfully.","timestamp":"2025-01-25T01:18:15.385Z"}
{"level":"info","message":"Weather data synchronized for Mumbai","timestamp":"2025-01-25T01:18:15.385Z"}
{"level":"info","message":"Weather data for Sydney saved successfully.","timestamp":"2025-01-25T01:18:15.399Z"}
{"level":"info","message":"Weather data synchronized for Sydney","timestamp":"2025-01-25T01:18:15.399Z"}
{"level":"info","message":"Cron job triggered: Synchronizing weather data...","timestamp":"2025-01-25T01:18:30.302Z"}
{"level":"info","message":"Weather data for New York saved successfully.","timestamp":"2025-01-25T01:18:30.373Z"}
{"level":"info","message":"Weather data synchronized for New York","timestamp":"2025-01-25T01:18:30.374Z"}
{"level":"info","message":"Weather data for London saved successfully.","timestamp":"2025-01-25T01:18:30.392Z"}
{"level":"info","message":"Weather data synchronized for London","timestamp":"2025-01-25T01:18:30.392Z"}
{"level":"info","message":"Weather data for Tokyo saved successfully.","timestamp":"2025-01-25T01:18:30.408Z"}
{"level":"info","message":"Weather data synchronized for Tokyo","timestamp":"2025-01-25T01:18:30.408Z"}
{"level":"info","message":"Weather data for Mumbai saved successfully.","timestamp":"2025-01-25T01:18:30.423Z"}
{"level":"info","message":"Weather data synchronized for Mumbai","timestamp":"2025-01-25T01:18:30.423Z"}
{"level":"info","message":"Weather data for Sydney saved successfully.","timestamp":"2025-01-25T01:18:30.440Z"}
{"level":"info","message":"Weather data synchronized for Sydney","timestamp":"2025-01-25T01:18:30.440Z"}
{"level":"info","message":"Cron job triggered: Synchronizing weather data...","timestamp":"2025-01-25T01:18:45.327Z"}
{"level":"info","message":"Weather data for New York saved successfully.","timestamp":"2025-01-25T01:18:45.403Z"}
{"level":"info","message":"Weather data synchronized for New York","timestamp":"2025-01-25T01:18:45.403Z"}
{"level":"info","message":"Weather data for London saved successfully.","timestamp":"2025-01-25T01:18:45.421Z"}
{"level":"info","message":"Weather data synchronized for London","timestamp":"2025-01-25T01:18:45.421Z"}
{"level":"info","message":"Weather data for Tokyo saved successfully.","timestamp":"2025-01-25T01:18:45.435Z"}
{"level":"info","message":"Weather data synchronized for Tokyo","timestamp":"2025-01-25T01:18:45.435Z"}
{"level":"info","message":"Weather data for Mumbai saved successfully.","timestamp":"2025-01-25T01:18:45.450Z"}
{"level":"info","message":"Weather data synchronized for Mumbai","timestamp":"2025-01-25T01:18:45.450Z"}
{"level":"info","message":"Weather data for Sydney saved successfully.","timestamp":"2025-01-25T01:18:45.465Z"}
{"level":"info","message":"Weather data synchronized for Sydney","timestamp":"2025-01-25T01:18:45.465Z"}
{"level":"info","message":"Received termination signal. Cleaning up...","timestamp":"2025-01-25T01:18:47.627Z"}
{"level":"info","message":"Weather table cleared and primary key reset.","timestamp":"2025-01-25T01:18:47.631Z"}
{"level":"info","message":"Database connection closed.","timestamp":"2025-01-25T01:18:47.632Z"}
{"level":"info","message":"Weather data for London saved successfully.","timestamp":"2025-01-25T01:27:34.596Z"}
{"level":"error","message":"Error fetching weather data for London: API Error","timestamp":"2025-01-25T01:27:34.599Z"}
